<?xml version="1.0" encoding="UTF-8"?>
<testng-results ignored="0" total="1" passed="0" failed="1" skipped="0">
  <reporter-output>
  </reporter-output>
  <suite started-at="2025-01-02T16:53:11Z" name="Suite" finished-at="2025-01-02T16:53:36Z" duration-ms="25326">
    <groups>
      <group name="cucumber">
        <method signature="AbstractTestNGCucumberTests.runScenario(io.cucumber.testng.PickleWrapper, io.cucumber.testng.FeatureWrapper)[pri:0, instance:agoda.runner.TestRunner@21be3395]" name="runScenario" class="io.cucumber.testng.AbstractTestNGCucumberTests"/>
      </group> <!-- cucumber -->
    </groups>
    <test started-at="2025-01-02T16:53:11Z" name="Test" finished-at="2025-01-02T16:53:36Z" duration-ms="25326">
      <class name="agoda.runner.TestRunner">
        <test-method is-config="true" signature="setUpClass(org.testng.ITestContext)[pri:0, instance:agoda.runner.TestRunner@21be3395]" started-at="2025-01-02T16:53:11Z" name="setUpClass" finished-at="2025-01-02T16:53:12Z" duration-ms="1303" status="PASS">
          <params>
            <param index="0">
              <value>
                <![CDATA[org.testng.TestRunner@44864536]]>
              </value>
            </param>
          </params>
          <reporter-output>
          </reporter-output>
        </test-method> <!-- setUpClass -->
        <test-method signature="runScenario(io.cucumber.testng.PickleWrapper, io.cucumber.testng.FeatureWrapper)[pri:0, instance:agoda.runner.TestRunner@21be3395]" started-at="2025-01-02T16:53:12Z" name="runScenario" description="Runs Cucumber Scenarios" data-provider="scenarios" finished-at="2025-01-02T16:53:36Z" duration-ms="23347" status="FAIL">
          <params>
            <param index="0">
              <value>
                <![CDATA["Verify Headers"]]>
              </value>
            </param>
            <param index="1">
              <value>
                <![CDATA["Verify Home page contents"]]>
              </value>
            </param>
          </params>
          <exception class="java.lang.AssertionError">
            <message>
              <![CDATA[expected [false] but found [true]]]>
            </message>
            <full-stacktrace>
              <![CDATA[java.lang.AssertionError: expected [false] but found [true]
at org.testng.Assert.fail(Assert.java:96)
at org.testng.Assert.failNotEquals(Assert.java:776)
at org.testng.Assert.assertFalse(Assert.java:65)
at org.testng.Assert.assertFalse(Assert.java:75)
at agoda.stepDefinitions.HomePageSteps.validate_currency_menu(HomePageSteps.java:100)
at âœ½.Validate currency menu(file:///C:/Users/MYPC/eclipse-workspace/Agoda.com/src/test/resources/Features/HomePage.feature:15)
]]>
            </full-stacktrace>
          </exception> <!-- java.lang.AssertionError -->
          <reporter-output>
          </reporter-output>
        </test-method> <!-- runScenario -->
        <test-method is-config="true" signature="tearDownClass()[pri:0, instance:agoda.runner.TestRunner@21be3395]" started-at="2025-01-02T16:53:36Z" name="tearDownClass" finished-at="2025-01-02T16:53:36Z" duration-ms="650" status="PASS">
          <reporter-output>
          </reporter-output>
        </test-method> <!-- tearDownClass -->
      </class> <!-- agoda.runner.TestRunner -->
    </test> <!-- Test -->
  </suite> <!-- Suite -->
</testng-results>
